
Showing logs for build [32mcb-kubecd-environment-pr-128-38-nrj2l-1[0m stage [32mfrom-build-pack[0m and container [32mstep-credential-initializer-ttzdt[0m
{"level":"warn","ts":1578415279.784763,"logger":"fallback-logger","caller":"logging/config.go:69","msg":"Fetch GitHub commit ID from kodata failed: \"ref: refs/heads/0.8.0-**-support-backwards-incompats\" is not a valid GitHub commit ID"}
{"level":"info","ts":1578415279.7855928,"logger":"fallback-logger","caller":"creds-init/main.go:40","msg":"Credentials initialized."}

Showing logs for build [32mcb-kubecd-environment-pr-128-38-nrj2l-1[0m stage [32mfrom-build-pack[0m and container [32mstep-working-dir-initializer-sp6vx[0m
{"level":"warn","ts":1578415280.8152053,"logger":"fallback-logger","caller":"logging/config.go:69","msg":"Fetch GitHub commit ID from kodata failed: open /var/run/ko/HEAD: no such file or directory"}
{"level":"info","ts":1578415280.816693,"logger":"fallback-logger","caller":"bash/main.go:64","msg":"Successfully executed command \"sh -c mkdir -p /workspace/source\"; output "}

Showing logs for build [32mcb-kubecd-environment-pr-128-38-nrj2l-1[0m stage [32mfrom-build-pack[0m and container [32mstep-place-tools[0m

Showing logs for build [32mcb-kubecd-environment-pr-128-38-nrj2l-1[0m stage [32mfrom-build-pack[0m and container [32mstep-git-source-cb-kubecd-environment-pr-128-38-rnpqn[0m
{"level":"warn","ts":1578415284.9514313,"logger":"fallback-logger","caller":"logging/config.go:69","msg":"Fetch GitHub commit ID from kodata failed: \"ref: refs/heads/0.8.0-**-support-backwards-incompats\" is not a valid GitHub commit ID"}
{"level":"info","ts":1578415285.9591055,"logger":"fallback-logger","caller":"git/git.go:103","msg":"Successfully cloned https://github.com/cb-kubecd/environment-pr-128-38-gke-upgrade-production.git @ master in path /workspace/source"}

Showing logs for build [32mcb-kubecd-environment-pr-128-38-nrj2l-1[0m stage [32mfrom-build-pack[0m and container [32mstep-git-merge[0m
Using SHAs from PULL_REFS=master:2a11e9ee57849dd56e7ef9d51d5ab27f14f8e319,1:058378ae30f4843fcb5ea629c899844793d19850
DEBUG: ran git fetch --unshallow origin 058378ae30f4843fcb5ea629c899844793d19850: 2a11e9ee57849dd56e7ef9d51d5ab27f14f8e319: in 
DEBUG: ran git checkout master in 
DEBUG: ran git reset --hard 2a11e9ee57849dd56e7ef9d51d5ab27f14f8e319 in 
DEBUG: ran clean --force -d . in 
DEBUG: ran git merge 058378ae30f4843fcb5ea629c899844793d19850 in 
Merged SHA 058378ae30f4843fcb5ea629c899844793d19850 with commit message 'chore: Promote bdd-spring-1578414459 to version 0.0.1' into base branch master

Showing logs for build [32mcb-kubecd-environment-pr-128-38-nrj2l-1[0m stage [32mfrom-build-pack[0m and container [32mstep-build-helm-build[0m
WARNING: No $CHART_REPOSITORY defined so using the default value of: http://jenkins-x-chartmuseum:8080
Adding missing Helm repo: storage.googleapis.com https://storage.googleapis.com/chartmuseum.jenkins-x.io
WARNING: No secrets found on "helm/repos" due: reading the secret "helm/repos" from vault: no secret "helm/repos" not found in vault
Read credentials for https://storage.googleapis.com/chartmuseum.jenkins-x.io from vault helm/repos
Successfully added Helm repository storage.googleapis.com.
Adding missing Helm repo: jenkins-x-chartmuseum http://jenkins-x-chartmuseum:8080
WARNING: No secrets found on "helm/repos" due: reading the secret "helm/repos" from vault: no secret "helm/repos" not found in vault
Read credentials for http://jenkins-x-chartmuseum:8080 from vault helm/repos
Successfully added Helm repository jenkins-x-chartmuseum.
WARNING: No $CHART_REPOSITORY defined so using the default value of: http://jenkins-x-chartmuseum:8080
Adding missing Helm repo: chartmuseum.jenkins-x.io http://chartmuseum.jenkins-x.io
WARNING: No secrets found on "helm/repos" due: reading the secret "helm/repos" from vault: no secret "helm/repos" not found in vault
Read credentials for http://chartmuseum.jenkins-x.io from vault helm/repos
Successfully added Helm repository chartmuseum.jenkins-x.io.
